<?xml version="1.0" encoding="UTF-8"?>
<!-- Generated by org.testng.reporters.JUnitXMLReporter -->
<testsuite ignored="1" hostname="SW-LAP-RISHI" failures="0" tests="9" name="Default test" time="0.145" errors="0" timestamp="25 Jun 2020 04:49:12 GMT">
  <testcase classname="com.testng.practice.Practice1_TestNG" name="helloMessage5" time="0.012"/>
  <testcase classname="com.testng.practice.Practice1_TestNG" name="sampleTimeOutMethod" time="0.003"/>
  <testcase classname="com.testng.practice.Practice1_TestNG" name="testDependencyOptionTestNG1" time="0.002"/>
  <testcase classname="com.testng.practice.Practice1_TestNG" name="aaaaatestMethod" time="0.003"/>
  <testcase classname="com.testng.practice.Practice1_TestNG" name="helloMessage6" time="0.002"/>
  <testcase classname="com.testng.practice.Practice1_TestNG" name="helloMessage7" time="0.002"/>
  <testcase classname="com.testng.practice.Practice1_TestNG" name="helloMessage4" time="0.003"/>
  <testcase classname="com.testng.practice.Practice1_TestNG" name="dependentMethod1" time="0.009"/>
  <testcase classname="com.testng.practice.Practice1_TestNG" name="aaaHelloMessage2" time="0.002"/>
  <testcase classname="com.testng.practice.Practice1_TestNG" name="sampleDisabledMethod" time="0.0">
    <ignored/>
  </testcase> <!-- sampleDisabledMethod -->
</testsuite> <!-- Default test -->
