<?xml version="1.0" encoding="UTF-8"?>
<!-- Generated by org.testng.reporters.JUnitXMLReporter -->
<testsuite ignored="3" hostname="SW-LAP-RISHI" failures="1" tests="12" name="Practice Module 1 to 3" time="0.172" errors="0" timestamp="08 Feb 2020 05:42:51 GMT">
  <testcase classname="com.testng.practice.Practice1_TestNG" name="helloMessage5" time="0.016"/>
  <testcase classname="com.testng.practice.Practice1_TestNG" name="helloMessage6" time="0.0"/>
  <testcase classname="com.testng.practice.Practice1_TestNG" name="helloMessage7" time="0.0"/>
  <testcase classname="com.testng.practice.Practice1_TestNG" name="sampleTimeOutMethod" time="0.031"/>
  <testcase classname="com.testng.practice.Practice1_TestNG" name="helloMessage4" time="0.0"/>
  <testcase classname="com.testng.practice.Practice1_TestNG" name="aAaHelloMessage2" time="0.0"/>
  <testcase classname="com.testng.practice.Practice2_TestNG" name="goodBye1" time="0.0"/>
  <testcase classname="com.testng.practice.Practice2_TestNG" name="goodBye2" time="0.0">
    <failure type="org.testng.internal.reflect.MethodMatcherException" message="
Data provider mismatch
Method: goodBye2([Parameter{index=0, type=java.lang.String, declaredAnnotations=[]}, Parameter{index=1, type=java.lang.String, declaredAnnotations=[]}, Parameter{index=2, type=java.lang.String, declaredAnnotations=[]}])
Arguments: [(java.lang.String) username1,(java.lang.String) password1]">
      <![CDATA[org.testng.internal.reflect.MethodMatcherException: 
Data provider mismatch
Method: goodBye2([Parameter{index=0, type=java.lang.String, declaredAnnotations=[]}, Parameter{index=1, type=java.lang.String, declaredAnnotations=[]}, Parameter{index=2, type=java.lang.String, declaredAnnotations=[]}])
Arguments: [(java.lang.String) username1,(java.lang.String) password1]
... Removed 20 stack frames]]>
    </failure>
  </testcase> <!-- goodBye2 -->
  <testcase classname="com.testng.practice.Practice2_TestNG" name="goodBye3" time="0.015"/>
  <testcase classname="com.testng.practice.Practice3_TestNG" name="howdyMethod1" time="0.0"/>
  <testcase classname="com.testng.practice.Practice3_TestNG" name="howdyMethod2" time="0.0"/>
  <testcase classname="com.testng.practice.Practice3_TestNG" name="howdyMethod3" time="0.0"/>
  <testcase classname="com.testng.practice.Practice1_TestNG" name="sampleDisabledMethod" time="0.0">
    <ignored/>
  </testcase> <!-- sampleDisabledMethod -->
  <testcase classname="com.testng.practice.Practice2_TestNG" name="welcomeMessage1" time="0.0">
    <ignored/>
  </testcase> <!-- welcomeMessage1 -->
  <testcase classname="com.testng.practice.Practice2_TestNG" name="welcomeMessage2" time="0.0">
    <ignored/>
  </testcase> <!-- welcomeMessage2 -->
</testsuite> <!-- Practice Module 1 to 3 -->
