<?xml version="1.0" encoding="UTF-8"?>
<!-- Generated by org.testng.reporters.JUnitXMLReporter -->
<testsuite ignored="0" hostname="SW-LAP-RISHI" failures="0" tests="1" name="Practice Module 4" time="0.02" errors="0" timestamp="26 Feb 2020 07:52:10 GMT">
  <testcase classname="com.testng.practice.Practice4_TestNG" name="@BeforeTest abcBeforeTestMethod" time="0.0">
    <failure type="org.testng.TestNGException" message="
Can inject only one of &amp;lt;ITestContext, XmlTest&amp;gt; into a @BeforeTest annotated abcBeforeTestMethod.
For more information on native dependency injection please refer to http://testng.org/doc/documentation-main.html#native-dependency-injection">
      <![CDATA[org.testng.TestNGException: 
Can inject only one of <ITestContext, XmlTest> into a @BeforeTest annotated abcBeforeTestMethod.
For more information on native dependency injection please refer to http://testng.org/doc/documentation-main.html#native-dependency-injection
... Removed 21 stack frames]]>
    </failure>
  </testcase> <!-- @BeforeTest abcBeforeTestMethod -->
  <testcase classname="com.testng.practice.Practice4_TestNG" name="@AfterTest abcAfterTestMethod" time="0.0">
    <skipped/>
  </testcase> <!-- @AfterTest abcAfterTestMethod -->
  <testcase classname="com.testng.practice.Practice4_TestNG" name="abcTestMethod" time="0.0">
    <skipped/>
  </testcase> <!-- abcTestMethod -->
</testsuite> <!-- Practice Module 4 -->
