<?xml version="1.0" encoding="UTF-8"?>
<!-- Generated by org.testng.reporters.JUnitXMLReporter -->
<testsuite ignored="3" hostname="SW-LAP-RISHI" failures="0" tests="21" name="PracticeModuleTest" time="0.245" errors="0" timestamp="25 Jun 2020 06:23:55 GMT">
  <testcase classname="com.testng.practice.Practice1_TestNG" name="helloMessage5" time="0.009"/>
  <testcase classname="com.testng.practice.Practice1_TestNG" name="sampleTimeOutMethod" time="0.019"/>
  <testcase classname="com.testng.practice.Practice1_TestNG" name="testDependencyOptionTestNG1" time="0.003"/>
  <testcase classname="com.testng.practice.Practice1_TestNG" name="aaaaatestMethod" time="0.004"/>
  <testcase classname="com.testng.practice.Practice1_TestNG" name="helloMessage6" time="0.005"/>
  <testcase classname="com.testng.practice.Practice1_TestNG" name="helloMessage7" time="0.002"/>
  <testcase classname="com.testng.practice.Practice1_TestNG" name="passingParameter" time="0.014"/>
  <testcase classname="com.testng.practice.Practice1_TestNG" name="helloMessage4" time="0.002"/>
  <testcase classname="com.testng.practice.Practice1_TestNG" name="aaaHelloMessage2" time="0.003"/>
  <testcase classname="com.testng.practice.Practice1_TestNG" name="dependentMethod1" time="0.003"/>
  <testcase classname="com.testng.practice.Practice2_TestNG" name="goodBye1" time="0.001"/>
  <testcase classname="com.testng.practice.Practice2_TestNG" name="goodBye2" time="0.002"/>
  <testcase classname="com.testng.practice.Practice2_TestNG" name="goodBye2" time="0.002"/>
  <testcase classname="com.testng.practice.Practice2_TestNG" name="goodBye2" time="0.006"/>
  <testcase classname="com.testng.practice.Practice2_TestNG" name="goodBye3" time="0.002"/>
  <testcase classname="com.testng.practice.Practice2_TestNG" name="loginTestMethod" time="0.005"/>
  <testcase classname="com.testng.practice.Practice2_TestNG" name="loginTestMethod" time="0.002"/>
  <testcase classname="com.testng.practice.Practice2_TestNG" name="loginTestMethod" time="0.002"/>
  <testcase classname="com.testng.practice.Practice3_TestNG" name="howdyMethod1" time="0.001"/>
  <testcase classname="com.testng.practice.Practice3_TestNG" name="howdyMethod2" time="0.002"/>
  <testcase classname="com.testng.practice.Practice3_TestNG" name="howdyMethod3" time="0.002"/>
  <testcase classname="com.testng.practice.Practice1_TestNG" name="sampleDisabledMethod" time="0.0">
    <ignored/>
  </testcase> <!-- sampleDisabledMethod -->
  <testcase classname="com.testng.practice.Practice2_TestNG" name="welcomeMessage1" time="0.0">
    <ignored/>
  </testcase> <!-- welcomeMessage1 -->
  <testcase classname="com.testng.practice.Practice2_TestNG" name="welcomeMessage2" time="0.0">
    <ignored/>
  </testcase> <!-- welcomeMessage2 -->
</testsuite> <!-- PracticeModuleTest -->
