<?xml version="1.0" encoding="UTF-8"?>
<!-- Generated by org.testng.reporters.JUnitXMLReporter -->
<testsuite ignored="1" hostname="SW-LAP-RISHI" failures="0" tests="17" name="Test Module" time="0.311" errors="0" timestamp="26 Feb 2020 07:50:58 GMT">
  <testcase classname="com.testng.practice.Practice4_TestNG" name="@BeforeTest abcBeforeTestMethod" time="0.0">
    <failure type="org.testng.TestNGException" message="
Can inject only one of &amp;lt;ITestContext, XmlTest&amp;gt; into a @BeforeTest annotated abcBeforeTestMethod.
For more information on native dependency injection please refer to http://testng.org/doc/documentation-main.html#native-dependency-injection">
      <![CDATA[org.testng.TestNGException: 
Can inject only one of <ITestContext, XmlTest> into a @BeforeTest annotated abcBeforeTestMethod.
For more information on native dependency injection please refer to http://testng.org/doc/documentation-main.html#native-dependency-injection
... Removed 21 stack frames]]>
    </failure>
  </testcase> <!-- @BeforeTest abcBeforeTestMethod -->
  <testcase classname="com.testng.practice.Practice1_TestNG" name="@BeforeClass beforeClassSample" time="0.0">
    <skipped/>
  </testcase> <!-- @BeforeClass beforeClassSample -->
  <testcase classname="com.testng.practice.Practice1_TestNG" name="@BeforeMethod sampleBeforeMethod" time="0.0">
    <skipped/>
  </testcase> <!-- @BeforeMethod sampleBeforeMethod -->
  <testcase classname="com.testng.practice.Practice1_TestNG" name="@AfterMethod sampleAfterMethod" time="0.0">
    <skipped/>
  </testcase> <!-- @AfterMethod sampleAfterMethod -->
  <testcase classname="com.testng.practice.Practice1_TestNG" name="@BeforeMethod sampleBeforeMethod" time="0.0">
    <skipped/>
  </testcase> <!-- @BeforeMethod sampleBeforeMethod -->
  <testcase classname="com.testng.practice.Practice1_TestNG" name="@AfterMethod sampleAfterMethod" time="0.0">
    <skipped/>
  </testcase> <!-- @AfterMethod sampleAfterMethod -->
  <testcase classname="com.testng.practice.Practice1_TestNG" name="@BeforeMethod sampleBeforeMethod" time="0.0">
    <skipped/>
  </testcase> <!-- @BeforeMethod sampleBeforeMethod -->
  <testcase classname="com.testng.practice.Practice1_TestNG" name="@AfterMethod sampleAfterMethod" time="0.0">
    <skipped/>
  </testcase> <!-- @AfterMethod sampleAfterMethod -->
  <testcase classname="com.testng.practice.Practice1_TestNG" name="@BeforeMethod sampleBeforeMethod" time="0.0">
    <skipped/>
  </testcase> <!-- @BeforeMethod sampleBeforeMethod -->
  <testcase classname="com.testng.practice.Practice1_TestNG" name="@AfterMethod sampleAfterMethod" time="0.0">
    <skipped/>
  </testcase> <!-- @AfterMethod sampleAfterMethod -->
  <testcase classname="com.testng.practice.Practice1_TestNG" name="@AfterClass afterClassSample" time="0.0">
    <skipped/>
  </testcase> <!-- @AfterClass afterClassSample -->
  <testcase classname="com.testng.practice.Practice2_TestNG" name="@BeforeClass beforeClassGoogbye" time="0.0">
    <skipped/>
  </testcase> <!-- @BeforeClass beforeClassGoogbye -->
  <testcase classname="com.testng.practice.Practice2_TestNG" name="@AfterMethod sampleAfterMethod" time="0.0">
    <skipped/>
  </testcase> <!-- @AfterMethod sampleAfterMethod -->
  <testcase classname="com.testng.practice.Practice2_TestNG" name="@AfterMethod sampleAfterMethod" time="0.0">
    <skipped/>
  </testcase> <!-- @AfterMethod sampleAfterMethod -->
  <testcase classname="com.testng.practice.Practice2_TestNG" name="@AfterMethod sampleAfterMethod" time="0.0">
    <skipped/>
  </testcase> <!-- @AfterMethod sampleAfterMethod -->
  <testcase classname="com.testng.practice.Practice2_TestNG" name="@AfterMethod sampleAfterMethod" time="0.0">
    <skipped/>
  </testcase> <!-- @AfterMethod sampleAfterMethod -->
  <testcase classname="com.testng.practice.Practice2_TestNG" name="@AfterMethod sampleAfterMethod" time="0.0">
    <skipped/>
  </testcase> <!-- @AfterMethod sampleAfterMethod -->
  <testcase classname="com.testng.practice.Practice2_TestNG" name="@AfterMethod sampleAfterMethod" time="0.0">
    <skipped/>
  </testcase> <!-- @AfterMethod sampleAfterMethod -->
  <testcase classname="com.testng.practice.Practice2_TestNG" name="@AfterMethod sampleAfterMethod" time="0.0">
    <skipped/>
  </testcase> <!-- @AfterMethod sampleAfterMethod -->
  <testcase classname="com.testng.practice.Practice2_TestNG" name="@AfterClass afterClassGoodBye" time="0.0">
    <skipped/>
  </testcase> <!-- @AfterClass afterClassGoodBye -->
  <testcase classname="com.testng.practice.Practice3_TestNG" name="@BeforeClass methodBeforeClass" time="0.0">
    <skipped/>
  </testcase> <!-- @BeforeClass methodBeforeClass -->
  <testcase classname="com.testng.practice.Practice3_TestNG" name="@AfterClass methodAfterClass" time="0.0">
    <skipped/>
  </testcase> <!-- @AfterClass methodAfterClass -->
  <testcase classname="com.testng.practice.Practice1_TestNG" name="@AfterTest helloLastMessageInThisClass" time="0.0">
    <skipped/>
  </testcase> <!-- @AfterTest helloLastMessageInThisClass -->
  <testcase classname="com.testng.practice.Practice2_TestNG" name="@AfterTest afterTestMessage" time="0.0">
    <skipped/>
  </testcase> <!-- @AfterTest afterTestMessage -->
  <testcase classname="com.testng.practice.Practice4_TestNG" name="@AfterTest abcAfterTestMethod" time="0.0">
    <skipped/>
  </testcase> <!-- @AfterTest abcAfterTestMethod -->
  <testcase classname="com.testng.practice.Practice1_TestNG" name="helloMessage5" time="0.0">
    <skipped/>
  </testcase> <!-- helloMessage5 -->
  <testcase classname="com.testng.practice.Practice1_TestNG" name="helloMessage6" time="0.0">
    <skipped/>
  </testcase> <!-- helloMessage6 -->
  <testcase classname="com.testng.practice.Practice1_TestNG" name="helloMessage7" time="0.0">
    <skipped/>
  </testcase> <!-- helloMessage7 -->
  <testcase classname="com.testng.practice.Practice1_TestNG" name="sampleTimeOutMethod" time="0.0">
    <skipped/>
  </testcase> <!-- sampleTimeOutMethod -->
  <testcase classname="com.testng.practice.Practice1_TestNG" name="helloMessage4" time="0.0">
    <skipped/>
  </testcase> <!-- helloMessage4 -->
  <testcase classname="com.testng.practice.Practice1_TestNG" name="aAaHelloMessage2" time="0.0">
    <skipped/>
  </testcase> <!-- aAaHelloMessage2 -->
  <testcase classname="com.testng.practice.Practice2_TestNG" name="goodBye1" time="0.0">
    <skipped/>
  </testcase> <!-- goodBye1 -->
  <testcase classname="com.testng.practice.Practice2_TestNG" name="goodBye2" time="0.0">
    <skipped/>
  </testcase> <!-- goodBye2 -->
  <testcase classname="com.testng.practice.Practice2_TestNG" name="goodBye2" time="0.0">
    <skipped/>
  </testcase> <!-- goodBye2 -->
  <testcase classname="com.testng.practice.Practice2_TestNG" name="goodBye2" time="0.0">
    <skipped/>
  </testcase> <!-- goodBye2 -->
  <testcase classname="com.testng.practice.Practice2_TestNG" name="goodBye3" time="0.0">
    <skipped/>
  </testcase> <!-- goodBye3 -->
  <testcase classname="com.testng.practice.Practice2_TestNG" name="welcomeMessage1" time="0.0">
    <skipped/>
  </testcase> <!-- welcomeMessage1 -->
  <testcase classname="com.testng.practice.Practice2_TestNG" name="welcomeMessage2" time="0.0">
    <skipped/>
  </testcase> <!-- welcomeMessage2 -->
  <testcase classname="com.testng.practice.Practice3_TestNG" name="howdyMethod1" time="0.0">
    <skipped/>
  </testcase> <!-- howdyMethod1 -->
  <testcase classname="com.testng.practice.Practice3_TestNG" name="howdyMethod2" time="0.0">
    <skipped/>
  </testcase> <!-- howdyMethod2 -->
  <testcase classname="com.testng.practice.Practice3_TestNG" name="howdyMethod3" time="0.0">
    <skipped/>
  </testcase> <!-- howdyMethod3 -->
  <testcase classname="com.testng.practice.Practice4_TestNG" name="abcTestMethod" time="0.0">
    <skipped/>
  </testcase> <!-- abcTestMethod -->
  <testcase classname="com.testng.practice.Practice1_TestNG" name="sampleDisabledMethod" time="0.0">
    <ignored/>
  </testcase> <!-- sampleDisabledMethod -->
</testsuite> <!-- Test Module -->
