<?xml version="1.0" encoding="UTF-8"?>
<!-- Generated by org.testng.reporters.JUnitXMLReporter -->
<testsuite ignored="10" hostname="SW-LAP-RISHI" failures="0" tests="5" name="Smoke Test Module" time="0.072" errors="0" timestamp="25 Jun 2020 03:48:11 GMT">
  <testcase classname="com.testng.practice.Practice1_TestNG" name="helloMessage5" time="0.014"/>
  <testcase classname="com.testng.practice.Practice1_TestNG" name="helloMessage6" time="0.002"/>
  <testcase classname="com.testng.practice.Practice1_TestNG" name="helloMessage4" time="0.002"/>
  <testcase classname="com.testng.practice.Practice2_TestNG" name="goodBye1" time="0.002"/>
  <testcase classname="com.testng.practice.Practice3_TestNG" name="howdyMethod2" time="0.003"/>
  <testcase classname="com.testng.practice.Practice1_TestNG" name="sampleDisabledMethod" time="0.0">
    <ignored/>
  </testcase> <!-- sampleDisabledMethod -->
  <testcase classname="com.testng.practice.Practice1_TestNG" name="helloMessage7" time="0.0">
    <ignored/>
  </testcase> <!-- helloMessage7 -->
  <testcase classname="com.testng.practice.Practice2_TestNG" name="goodBye2" time="0.0">
    <ignored/>
  </testcase> <!-- goodBye2 -->
  <testcase classname="com.testng.practice.Practice2_TestNG" name="goodBye3" time="0.0">
    <ignored/>
  </testcase> <!-- goodBye3 -->
  <testcase classname="com.testng.practice.Practice1_TestNG" name="sampleTimeOutMethod" time="0.0">
    <ignored/>
  </testcase> <!-- sampleTimeOutMethod -->
  <testcase classname="com.testng.practice.Practice2_TestNG" name="welcomeMessage1" time="0.0">
    <ignored/>
  </testcase> <!-- welcomeMessage1 -->
  <testcase classname="com.testng.practice.Practice3_TestNG" name="howdyMethod3" time="0.0">
    <ignored/>
  </testcase> <!-- howdyMethod3 -->
  <testcase classname="com.testng.practice.Practice1_TestNG" name="aAaHelloMessage2" time="0.0">
    <ignored/>
  </testcase> <!-- aAaHelloMessage2 -->
  <testcase classname="com.testng.practice.Practice2_TestNG" name="welcomeMessage2" time="0.0">
    <ignored/>
  </testcase> <!-- welcomeMessage2 -->
  <testcase classname="com.testng.practice.Practice3_TestNG" name="howdyMethod1" time="0.0">
    <ignored/>
  </testcase> <!-- howdyMethod1 -->
</testsuite> <!-- Smoke Test Module -->
